# JRE version: OpenJDK Runtime Environment Temurin-21.0.8+9 (21.0.8+9) (build 21.0.8+9-LTS)
# Java VM: OpenJDK 64-Bit Server VM Temurin-21.0.8+9 (21.0.8+9-LTS, mixed mode, tiered, compressed oops, compressed class ptrs, g1 gc, windows-amd64)
GC Precious Log:
 CardTable entry size: 512
 Card Set container configuration: InlinePtr #cards 5 size 8 Array Of Cards #cards 12 size 40 Howl #buckets 4 coarsen threshold 1843 Howl Bitmap #cards 512 size 80 coarsen threshold 460 Card regions per heap region 1 cards per card region 2048
 CPUs: 4 total, 4 available
 Memory: 7991M
 Large Page Support: Disabled
 NUMA Support: Disabled
 Compressed Oops: Enabled (32-bit)
 Heap Region Size: 1M
 Heap Min Capacity: 64M
 Heap Initial Capacity: 64M
 Heap Max Capacity: 2G
 Pre-touch: Disabled
 Parallel Workers: 4
 Concurrent Workers: 1
 Concurrent Refinement Workers: 4
 Periodic GC: Disabled
Heap:
 garbage-first heap   total 616448K, used 544768K [0x0000000080000000, 0x0000000100000000)
  region size 1024K, 205 young (209920K), 12 survivors (12288K)
 Metaspace       used 25868K, committed 26112K, reserved 1114112K
  class space    used 2584K, committed 2688K, reserved 1048576K
GC Heap History (20 events):
Event: 22.639 GC heap before
{Heap before GC invocations=35 (full 0):
 garbage-first heap   total 337920K, used 294400K [0x0000000080000000, 0x0000000100000000)
  region size 1024K, 105 young (107520K), 15 survivors (15360K)
 Metaspace       used 25612K, committed 25856K, reserved 1114112K
  class space    used 2562K, committed 2688K, reserved 1048576K
}
Event: 22.658 GC heap after
{Heap after GC invocations=36 (full 0):
 garbage-first heap   total 337920K, used 215552K [0x0000000080000000, 0x0000000100000000)
  region size 1024K, 13 young (13312K), 13 survivors (13312K)
 Metaspace       used 25612K, committed 25856K, reserved 1114112K
  class space    used 2562K, committed 2688K, reserved 1048576K
}
Event: 23.304 GC heap before
{Heap before GC invocations=36 (full 0):
 garbage-first heap   total 337920K, used 310784K [0x0000000080000000, 0x0000000100000000)
  region size 1024K, 102 young (104448K), 13 survivors (13312K)
 Metaspace       used 25620K, committed 25856K, reserved 1114112K
  class space    used 2563K, committed 2688K, reserved 1048576K
}
Event: 23.332 GC heap after
{Heap after GC invocations=37 (full 0):
 garbage-first heap   total 343040K, used 233472K [0x0000000080000000, 0x0000000100000000)
  region size 1024K, 13 young (13312K), 13 survivors (13312K)
 Metaspace       used 25620K, committed 25856K, reserved 1114112K
  class space    used 2563K, committed 2688K, reserved 1048576K
}
Event: 23.593 GC heap before
{Heap before GC invocations=37 (full 0):
 garbage-first heap   total 343040K, used 311296K [0x0000000080000000, 0x0000000100000000)
  region size 1024K, 89 young (91136K), 13 survivors (13312K)
 Metaspace       used 25620K, committed 25856K, reserved 1114112K
  class space    used 2563K, committed 2688K, reserved 1048576K
}
Event: 23.626 GC heap after
{Heap after GC invocations=38 (full 0):
 garbage-first heap   total 343040K, used 243200K [0x0000000080000000, 0x0000000100000000)
  region size 1024K, 9 young (9216K), 9 survivors (9216K)
 Metaspace       used 25620K, committed 25856K, reserved 1114112K
  class space    used 2563K, committed 2688K, reserved 1048576K
}
Event: 24.708 GC heap before
{Heap before GC invocations=39 (full 0):
 garbage-first heap   total 427008K, used 323072K [0x0000000080000000, 0x0000000100000000)
  region size 1024K, 75 young (76800K), 9 survivors (9216K)
 Metaspace       used 25689K, committed 25984K, reserved 1114112K
  class space    used 2572K, committed 2688K, reserved 1048576K
}
Event: 24.723 GC heap after
{Heap after GC invocations=40 (full 0):
 garbage-first heap   total 427008K, used 253855K [0x0000000080000000, 0x0000000100000000)
  region size 1024K, 9 young (9216K), 9 survivors (9216K)
 Metaspace       used 25689K, committed 25984K, reserved 1114112K
  class space    used 2572K, committed 2688K, reserved 1048576K
}
Event: 26.789 GC heap before
{Heap before GC invocations=40 (full 0):
 garbage-first heap   total 427008K, used 399263K [0x0000000080000000, 0x0000000100000000)
  region size 1024K, 139 young (142336K), 9 survivors (9216K)
 Metaspace       used 25737K, committed 25984K, reserved 1114112K
  class space    used 2574K, committed 2688K, reserved 1048576K
}
Event: 26.811 GC heap after
{Heap after GC invocations=41 (full 0):
 garbage-first heap   total 427008K, used 266240K [0x0000000080000000, 0x0000000100000000)
  region size 1024K, 18 young (18432K), 18 survivors (18432K)
 Metaspace       used 25737K, committed 25984K, reserved 1114112K
  class space    used 2574K, committed 2688K, reserved 1048576K
}
Event: 27.475 GC heap before
{Heap before GC invocations=41 (full 0):
 garbage-first heap   total 427008K, used 386048K [0x0000000080000000, 0x0000000100000000)
  region size 1024K, 135 young (138240K), 18 survivors (18432K)
 Metaspace       used 25745K, committed 25984K, reserved 1114112K
  class space    used 2574K, committed 2688K, reserved 1048576K
}
Event: 27.493 GC heap after
{Heap after GC invocations=42 (full 0):
 garbage-first heap   total 427008K, used 278528K [0x0000000080000000, 0x0000000100000000)
  region size 1024K, 11 young (11264K), 11 survivors (11264K)
 Metaspace       used 25745K, committed 25984K, reserved 1114112K
  class space    used 2574K, committed 2688K, reserved 1048576K
}
Event: 28.558 GC heap before
{Heap before GC invocations=43 (full 0):
 garbage-first heap   total 464896K, used 391168K [0x0000000080000000, 0x0000000100000000)
  region size 1024K, 121 young (123904K), 11 survivors (11264K)
 Metaspace       used 25755K, committed 25984K, reserved 1114112K
  class space    used 2575K, committed 2688K, reserved 1048576K
}
Event: 28.587 GC heap after
{Heap after GC invocations=44 (full 0):
 garbage-first heap   total 464896K, used 289280K [0x0000000080000000, 0x0000000100000000)
  region size 1024K, 11 young (11264K), 11 survivors (11264K)
 Metaspace       used 25755K, committed 25984K, reserved 1114112K
  class space    used 2575K, committed 2688K, reserved 1048576K
}
Event: 29.070 GC heap before
{Heap before GC invocations=44 (full 0):
 garbage-first heap   total 464896K, used 427520K [0x0000000080000000, 0x0000000100000000)
  region size 1024K, 146 young (149504K), 11 survivors (11264K)
 Metaspace       used 25763K, committed 26048K, reserved 1114112K
  class space    used 2575K, committed 2688K, reserved 1048576K
}
Event: 29.094 GC heap after
{Heap after GC invocations=45 (full 0):
 garbage-first heap   total 464896K, used 304640K [0x0000000080000000, 0x0000000100000000)
  region size 1024K, 17 young (17408K), 17 survivors (17408K)
 Metaspace       used 25763K, committed 26048K, reserved 1114112K
  class space    used 2575K, committed 2688K, reserved 1048576K
}
Event: 29.357 GC heap before
{Heap before GC invocations=45 (full 0):
 garbage-first heap   total 464896K, used 422400K [0x0000000080000000, 0x0000000100000000)
  region size 1024K, 132 young (135168K), 17 survivors (17408K)
 Metaspace       used 25763K, committed 26048K, reserved 1114112K
  class space    used 2575K, committed 2688K, reserved 1048576K
}
Event: 29.380 GC heap after
{Heap after GC invocations=46 (full 0):
 garbage-first heap   total 616448K, used 318464K [0x0000000080000000, 0x0000000100000000)
  region size 1024K, 14 young (14336K), 14 survivors (14336K)
 Metaspace       used 25763K, committed 26048K, reserved 1114112K
  class space    used 2575K, committed 2688K, reserved 1048576K
}
Event: 31.787 GC heap before
{Heap before GC invocations=47 (full 0):
 garbage-first heap   total 616448K, used 555008K [0x0000000080000000, 0x0000000100000000)
  region size 1024K, 245 young (250880K), 14 survivors (14336K)
 Metaspace       used 25771K, committed 26048K, reserved 1114112K
  class space    used 2576K, committed 2688K, reserved 1048576K
}
Event: 31.841 GC heap after
{Heap after GC invocations=48 (full 0):
 garbage-first heap   total 616448K, used 347136K [0x0000000080000000, 0x0000000100000000)
  region size 1024K, 31 young (31744K), 31 survivors (31744K)
 Metaspace       used 25771K, committed 26048K, reserved 1114112K
  class space    used 2576K, committed 2688K, reserved 1048576K
}

