# JRE version: OpenJDK Runtime Environment Temurin-21.0.8+9 (21.0.8+9) (build 21.0.8+9-LTS)
# Java VM: OpenJDK 64-Bit Server VM Temurin-21.0.8+9 (21.0.8+9-LTS, mixed mode, tiered, compressed oops, compressed class ptrs, g1 gc, windows-amd64)
GC Precious Log:
 CardTable entry size: 512
 Card Set container configuration: InlinePtr #cards 5 size 8 Array Of Cards #cards 12 size 40 Howl #buckets 4 coarsen threshold 1843 Howl Bitmap #cards 512 size 80 coarsen threshold 460 Card regions per heap region 1 cards per card region 2048
 CPUs: 4 total, 4 available
 Memory: 7991M
 Large Page Support: Disabled
 NUMA Support: Disabled
 Compressed Oops: Enabled (32-bit)
 Heap Region Size: 1M
 Heap Min Capacity: 64M
 Heap Initial Capacity: 64M
 Heap Max Capacity: 2G
 Pre-touch: Disabled
 Parallel Workers: 4
 Concurrent Workers: 1
 Concurrent Refinement Workers: 4
 Periodic GC: Disabled
Heap:
 garbage-first heap   total 516096K, used 345493K [0x0000000080000000, 0x0000000100000000)
  region size 1024K, 175 young (179200K), 10 survivors (10240K)
 Metaspace       used 25572K, committed 25856K, reserved 1114112K
  class space    used 2559K, committed 2688K, reserved 1048576K
GC Heap History (20 events):
Event: 8.064 GC heap before
{Heap before GC invocations=12 (full 0):
 garbage-first heap   total 95232K, used 73465K [0x0000000080000000, 0x0000000100000000)
  region size 1024K, 31 young (31744K), 5 survivors (5120K)
 Metaspace       used 23928K, committed 24064K, reserved 1114112K
  class space    used 2317K, committed 2368K, reserved 1048576K
}
Event: 8.084 GC heap after
{Heap after GC invocations=13 (full 0):
 garbage-first heap   total 95232K, used 54138K [0x0000000080000000, 0x0000000100000000)
  region size 1024K, 5 young (5120K), 5 survivors (5120K)
 Metaspace       used 23928K, committed 24064K, reserved 1114112K
  class space    used 2317K, committed 2368K, reserved 1048576K
}
Event: 8.242 GC heap before
{Heap before GC invocations=14 (full 0):
 garbage-first heap   total 95232K, used 82810K [0x0000000080000000, 0x0000000100000000)
  region size 1024K, 32 young (32768K), 5 survivors (5120K)
 Metaspace       used 24027K, committed 24256K, reserved 1114112K
  class space    used 2328K, committed 2432K, reserved 1048576K
}
Event: 8.263 GC heap after
{Heap after GC invocations=15 (full 0):
 garbage-first heap   total 95232K, used 61432K [0x0000000080000000, 0x0000000100000000)
  region size 1024K, 4 young (4096K), 4 survivors (4096K)
 Metaspace       used 24027K, committed 24256K, reserved 1114112K
  class space    used 2328K, committed 2432K, reserved 1048576K
}
Event: 8.335 GC heap before
{Heap before GC invocations=15 (full 0):
 garbage-first heap   total 95232K, used 84984K [0x0000000080000000, 0x0000000100000000)
  region size 1024K, 25 young (25600K), 4 survivors (4096K)
 Metaspace       used 24032K, committed 24256K, reserved 1114112K
  class space    used 2328K, committed 2432K, reserved 1048576K
}
Event: 8.357 GC heap after
{Heap after GC invocations=16 (full 0):
 garbage-first heap   total 95232K, used 66560K [0x0000000080000000, 0x0000000100000000)
  region size 1024K, 4 young (4096K), 4 survivors (4096K)
 Metaspace       used 24032K, committed 24256K, reserved 1114112K
  class space    used 2328K, committed 2432K, reserved 1048576K
}
Event: 8.423 GC heap before
{Heap before GC invocations=16 (full 0):
 garbage-first heap   total 95232K, used 84992K [0x0000000080000000, 0x0000000100000000)
  region size 1024K, 22 young (22528K), 4 survivors (4096K)
 Metaspace       used 24043K, committed 24256K, reserved 1114112K
  class space    used 2328K, committed 2432K, reserved 1048576K
}
Event: 8.449 GC heap after
{Heap after GC invocations=17 (full 0):
 garbage-first heap   total 267264K, used 70656K [0x0000000080000000, 0x0000000100000000)
  region size 1024K, 3 young (3072K), 3 survivors (3072K)
 Metaspace       used 24043K, committed 24256K, reserved 1114112K
  class space    used 2328K, committed 2432K, reserved 1048576K
}
Event: 9.359 GC heap before
{Heap before GC invocations=18 (full 0):
 garbage-first heap   total 232448K, used 180224K [0x0000000080000000, 0x0000000100000000)
  region size 1024K, 108 young (110592K), 3 survivors (3072K)
 Metaspace       used 24097K, committed 24384K, reserved 1114112K
  class space    used 2331K, committed 2496K, reserved 1048576K
}
Event: 9.404 GC heap after
{Heap after GC invocations=19 (full 0):
 garbage-first heap   total 232448K, used 93667K [0x0000000080000000, 0x0000000100000000)
  region size 1024K, 14 young (14336K), 14 survivors (14336K)
 Metaspace       used 24097K, committed 24384K, reserved 1114112K
  class space    used 2331K, committed 2496K, reserved 1048576K
}
Event: 10.051 GC heap before
{Heap before GC invocations=19 (full 0):
 garbage-first heap   total 232448K, used 175587K [0x0000000080000000, 0x0000000100000000)
  region size 1024K, 94 young (96256K), 14 survivors (14336K)
 Metaspace       used 24110K, committed 24384K, reserved 1114112K
  class space    used 2332K, committed 2496K, reserved 1048576K
}
Event: 10.102 GC heap after
{Heap after GC invocations=20 (full 0):
 garbage-first heap   total 232448K, used 107396K [0x0000000080000000, 0x0000000100000000)
  region size 1024K, 12 young (12288K), 12 survivors (12288K)
 Metaspace       used 24110K, committed 24384K, reserved 1114112K
  class space    used 2332K, committed 2496K, reserved 1048576K
}
Event: 10.513 GC heap before
{Heap before GC invocations=20 (full 0):
 garbage-first heap   total 232448K, used 185220K [0x0000000080000000, 0x0000000100000000)
  region size 1024K, 88 young (90112K), 12 survivors (12288K)
 Metaspace       used 24110K, committed 24384K, reserved 1114112K
  class space    used 2332K, committed 2496K, reserved 1048576K
}
Event: 10.533 GC heap after
{Heap after GC invocations=21 (full 0):
 garbage-first heap   total 232448K, used 118784K [0x0000000080000000, 0x0000000100000000)
  region size 1024K, 11 young (11264K), 11 survivors (11264K)
 Metaspace       used 24110K, committed 24384K, reserved 1114112K
  class space    used 2332K, committed 2496K, reserved 1048576K
}
Event: 10.986 GC heap before
{Heap before GC invocations=21 (full 0):
 garbage-first heap   total 232448K, used 194560K [0x0000000080000000, 0x0000000100000000)
  region size 1024K, 85 young (87040K), 11 survivors (11264K)
 Metaspace       used 24135K, committed 24384K, reserved 1114112K
  class space    used 2332K, committed 2496K, reserved 1048576K
}
Event: 10.998 GC heap after
{Heap after GC invocations=22 (full 0):
 garbage-first heap   total 232448K, used 126964K [0x0000000080000000, 0x0000000100000000)
  region size 1024K, 9 young (9216K), 9 survivors (9216K)
 Metaspace       used 24135K, committed 24384K, reserved 1114112K
  class space    used 2332K, committed 2496K, reserved 1048576K
}
Event: 11.403 GC heap before
{Heap before GC invocations=23 (full 0):
 garbage-first heap   total 232448K, used 199668K [0x0000000080000000, 0x0000000100000000)
  region size 1024K, 82 young (83968K), 9 survivors (9216K)
 Metaspace       used 24137K, committed 24448K, reserved 1114112K
  class space    used 2332K, committed 2496K, reserved 1048576K
}
Event: 11.415 GC heap after
{Heap after GC invocations=24 (full 0):
 garbage-first heap   total 232448K, used 131987K [0x0000000080000000, 0x0000000100000000)
  region size 1024K, 8 young (8192K), 8 survivors (8192K)
 Metaspace       used 24137K, committed 24448K, reserved 1114112K
  class space    used 2332K, committed 2496K, reserved 1048576K
}
Event: 12.991 GC heap before
{Heap before GC invocations=24 (full 0):
 garbage-first heap   total 232448K, used 231315K [0x0000000080000000, 0x0000000100000000)
  region size 1024K, 78 young (79872K), 8 survivors (8192K)
 Metaspace       used 25217K, committed 25472K, reserved 1114112K
  class space    used 2534K, committed 2688K, reserved 1048576K
}
Event: 13.025 GC heap after
{Heap after GC invocations=25 (full 0):
 garbage-first heap   total 516096K, used 156053K [0x0000000080000000, 0x0000000100000000)
  region size 1024K, 10 young (10240K), 10 survivors (10240K)
 Metaspace       used 25217K, committed 25472K, reserved 1114112K
  class space    used 2534K, committed 2688K, reserved 1048576K
}

