# JRE version: OpenJDK Runtime Environment Temurin-21.0.8+9 (21.0.8+9) (build 21.0.8+9-LTS)
# Java VM: OpenJDK 64-Bit Server VM Temurin-21.0.8+9 (21.0.8+9-LTS, mixed mode, tiered, compressed oops, compressed class ptrs, g1 gc, windows-amd64)
GC Precious Log:
 CardTable entry size: 512
 Card Set container configuration: InlinePtr #cards 5 size 8 Array Of Cards #cards 12 size 40 Howl #buckets 4 coarsen threshold 1843 Howl Bitmap #cards 512 size 80 coarsen threshold 460 Card regions per heap region 1 cards per card region 2048
 CPUs: 4 total, 4 available
 Memory: 7991M
 Large Page Support: Disabled
 NUMA Support: Disabled
 Compressed Oops: Enabled (32-bit)
 Heap Region Size: 1M
 Heap Min Capacity: 64M
 Heap Initial Capacity: 64M
 Heap Max Capacity: 2G
 Pre-touch: Disabled
 Parallel Workers: 4
 Concurrent Workers: 1
 Concurrent Refinement Workers: 4
 Periodic GC: Disabled
Heap:
 garbage-first heap   total 454656K, used 313856K [0x0000000080000000, 0x0000000100000000)
  region size 1024K, 13 young (13312K), 13 survivors (13312K)
 Metaspace       used 25775K, committed 26048K, reserved 1114112K
  class space    used 2573K, committed 2688K, reserved 1048576K
GC Heap History (20 events):
Event: 19.484 GC heap after
{Heap after GC invocations=27 (full 0):
 garbage-first heap   total 419840K, used 179712K [0x0000000080000000, 0x0000000100000000)
  region size 1024K, 6 young (6144K), 6 survivors (6144K)
 Metaspace       used 25627K, committed 25856K, reserved 1114112K
  class space    used 2560K, committed 2688K, reserved 1048576K
}
Event: 23.091 GC heap before
{Heap before GC invocations=28 (full 0):
 garbage-first heap   total 419840K, used 364032K [0x0000000080000000, 0x0000000100000000)
  region size 1024K, 186 young (190464K), 6 survivors (6144K)
 Metaspace       used 25636K, committed 25920K, reserved 1114112K
  class space    used 2560K, committed 2688K, reserved 1048576K
}
Event: 23.108 GC heap after
{Heap after GC invocations=29 (full 0):
 garbage-first heap   total 419840K, used 182272K [0x0000000080000000, 0x0000000100000000)
  region size 1024K, 8 young (8192K), 8 survivors (8192K)
 Metaspace       used 25636K, committed 25920K, reserved 1114112K
  class space    used 2560K, committed 2688K, reserved 1048576K
}
Event: 27.279 GC heap before
{Heap before GC invocations=29 (full 0):
 garbage-first heap   total 419840K, used 382976K [0x0000000080000000, 0x0000000100000000)
  region size 1024K, 204 young (208896K), 8 survivors (8192K)
 Metaspace       used 25636K, committed 25920K, reserved 1114112K
  class space    used 2560K, committed 2688K, reserved 1048576K
}
Event: 27.297 GC heap after
{Heap after GC invocations=30 (full 0):
 garbage-first heap   total 419840K, used 187882K [0x0000000080000000, 0x0000000100000000)
  region size 1024K, 16 young (16384K), 16 survivors (16384K)
 Metaspace       used 25636K, committed 25920K, reserved 1114112K
  class space    used 2560K, committed 2688K, reserved 1048576K
}
Event: 28.951 GC heap before
{Heap before GC invocations=30 (full 0):
 garbage-first heap   total 419840K, used 381418K [0x0000000080000000, 0x0000000100000000)
  region size 1024K, 205 young (209920K), 16 survivors (16384K)
 Metaspace       used 25640K, committed 25920K, reserved 1114112K
  class space    used 2560K, committed 2688K, reserved 1048576K
}
Event: 28.979 GC heap after
{Heap after GC invocations=31 (full 0):
 garbage-first heap   total 419840K, used 203604K [0x0000000080000000, 0x0000000100000000)
  region size 1024K, 26 young (26624K), 26 survivors (26624K)
 Metaspace       used 25640K, committed 25920K, reserved 1114112K
  class space    used 2560K, committed 2688K, reserved 1048576K
}
Event: 30.574 GC heap before
{Heap before GC invocations=32 (full 0):
 garbage-first heap   total 419840K, used 375636K [0x0000000080000000, 0x0000000100000000)
  region size 1024K, 190 young (194560K), 26 survivors (26624K)
 Metaspace       used 25645K, committed 25920K, reserved 1114112K
  class space    used 2560K, committed 2688K, reserved 1048576K
}
Event: 30.642 GC heap after
{Heap after GC invocations=33 (full 0):
 garbage-first heap   total 428032K, used 233472K [0x0000000080000000, 0x0000000100000000)
  region size 1024K, 24 young (24576K), 24 survivors (24576K)
 Metaspace       used 25645K, committed 25920K, reserved 1114112K
  class space    used 2560K, committed 2688K, reserved 1048576K
}
Event: 31.471 GC heap before
{Heap before GC invocations=33 (full 0):
 garbage-first heap   total 428032K, used 395264K [0x0000000080000000, 0x0000000100000000)
  region size 1024K, 168 young (172032K), 24 survivors (24576K)
 Metaspace       used 25698K, committed 25984K, reserved 1114112K
  class space    used 2570K, committed 2688K, reserved 1048576K
}
Event: 31.534 GC heap after
{Heap after GC invocations=34 (full 0):
 garbage-first heap   total 438272K, used 250880K [0x0000000080000000, 0x0000000100000000)
  region size 1024K, 16 young (16384K), 16 survivors (16384K)
 Metaspace       used 25698K, committed 25984K, reserved 1114112K
  class space    used 2570K, committed 2688K, reserved 1048576K
}
Event: 32.142 GC heap before
{Heap before GC invocations=34 (full 0):
 garbage-first heap   total 438272K, used 343040K [0x0000000080000000, 0x0000000100000000)
  region size 1024K, 107 young (109568K), 16 survivors (16384K)
 Metaspace       used 25715K, committed 25984K, reserved 1114112K
  class space    used 2570K, committed 2688K, reserved 1048576K
}
Event: 32.165 GC heap after
{Heap after GC invocations=35 (full 0):
 garbage-first heap   total 438272K, used 261120K [0x0000000080000000, 0x0000000100000000)
  region size 1024K, 11 young (11264K), 11 survivors (11264K)
 Metaspace       used 25715K, committed 25984K, reserved 1114112K
  class space    used 2570K, committed 2688K, reserved 1048576K
}
Event: 33.570 GC heap before
{Heap before GC invocations=36 (full 0):
 garbage-first heap   total 454656K, used 405504K [0x0000000080000000, 0x0000000100000000)
  region size 1024K, 142 young (145408K), 11 survivors (11264K)
 Metaspace       used 25757K, committed 25984K, reserved 1114112K
  class space    used 2572K, committed 2688K, reserved 1048576K
}
Event: 33.590 GC heap after
{Heap after GC invocations=37 (full 0):
 garbage-first heap   total 454656K, used 273920K [0x0000000080000000, 0x0000000100000000)
  region size 1024K, 11 young (11264K), 11 survivors (11264K)
 Metaspace       used 25757K, committed 25984K, reserved 1114112K
  class space    used 2572K, committed 2688K, reserved 1048576K
}
Event: 34.941 GC heap before
{Heap before GC invocations=37 (full 0):
 garbage-first heap   total 454656K, used 414208K [0x0000000080000000, 0x0000000100000000)
  region size 1024K, 148 young (151552K), 11 survivors (11264K)
 Metaspace       used 25761K, committed 25984K, reserved 1114112K
  class space    used 2572K, committed 2688K, reserved 1048576K
}
Event: 34.979 GC heap after
{Heap after GC invocations=38 (full 0):
 garbage-first heap   total 454656K, used 284160K [0x0000000080000000, 0x0000000100000000)
  region size 1024K, 12 young (12288K), 12 survivors (12288K)
 Metaspace       used 25761K, committed 25984K, reserved 1114112K
  class space    used 2572K, committed 2688K, reserved 1048576K
}
Event: 35.871 GC heap before
{Heap before GC invocations=38 (full 0):
 garbage-first heap   total 454656K, used 418304K [0x0000000080000000, 0x0000000100000000)
  region size 1024K, 143 young (146432K), 12 survivors (12288K)
 Metaspace       used 25774K, committed 26048K, reserved 1114112K
  class space    used 2573K, committed 2688K, reserved 1048576K
}
Event: 35.905 GC heap after
{Heap after GC invocations=39 (full 0):
 garbage-first heap   total 454656K, used 300544K [0x0000000080000000, 0x0000000100000000)
  region size 1024K, 16 young (16384K), 16 survivors (16384K)
 Metaspace       used 25774K, committed 26048K, reserved 1114112K
  class space    used 2573K, committed 2688K, reserved 1048576K
}
Event: 36.073 GC heap before
{Heap before GC invocations=39 (full 0):
 garbage-first heap   total 454656K, used 414208K [0x0000000080000000, 0x0000000100000000)
  region size 1024K, 127 young (130048K), 16 survivors (16384K)
 Metaspace       used 25775K, committed 26048K, reserved 1114112K
  class space    used 2573K, committed 2688K, reserved 1048576K
}

